# JRE version: Java(TM) SE Runtime Environment (8.0_121-b13) (build 1.8.0_121-b13)
# Java VM: Java HotSpot(TM) 64-Bit Server VM (25.121-b13 mixed mode windows-amd64 compressed oops)
Heap:
 PSYoungGen      total 82432K, used 62869K [0x000000078b500000, 0x0000000791200000, 0x00000007c0000000)
  eden space 80384K, 78% used [0x000000078b500000,0x000000078f2654f8,0x0000000790380000)
  from space 2048K, 0% used [0x0000000790a00000,0x0000000790a00000,0x0000000790c00000)
  to   space 6656K, 0% used [0x0000000790380000,0x0000000790380000,0x0000000790a00000)
 ParOldGen       total 72192K, used 5986K [0x0000000721e00000, 0x0000000726480000, 0x000000078b500000)
  object space 72192K, 8% used [0x0000000721e00000,0x00000007223d8988,0x0000000726480000)
 Metaspace       used 32497K, capacity 32930K, committed 33408K, reserved 1077248K
  class space    used 4570K, capacity 4709K, committed 4736K, reserved 1048576K
GC Heap History (10 events):
Event: 0.214 GC heap before
{Heap before GC invocations=1 (full 0):
 PSYoungGen      total 47616K, used 40920K [0x000000078b500000, 0x000000078ea00000, 0x00000007c0000000)
  eden space 40960K, 99% used [0x000000078b500000,0x000000078dcf6198,0x000000078dd00000)
  from space 6656K, 0% used [0x000000078e380000,0x000000078e380000,0x000000078ea00000)
  to   space 6656K, 0% used [0x000000078dd00000,0x000000078dd00000,0x000000078e380000)
 ParOldGen       total 109568K, used 0K [0x0000000721e00000, 0x0000000728900000, 0x000000078b500000)
  object space 109568K, 0% used [0x0000000721e00000,0x0000000721e00000,0x0000000728900000)
 Metaspace       used 2775K, capacity 4486K, committed 4864K, reserved 1056768K
  class space    used 302K, capacity 386K, committed 512K, reserved 1048576K
Event: 0.217 GC heap after
Heap after GC invocations=1 (full 0):
 PSYoungGen      total 47616K, used 636K [0x000000078b500000, 0x0000000791200000, 0x00000007c0000000)
  eden space 40960K, 0% used [0x000000078b500000,0x000000078b500000,0x000000078dd00000)
  from space 6656K, 9% used [0x000000078dd00000,0x000000078dd9f0a0,0x000000078e380000)
  to   space 6656K, 0% used [0x0000000790b80000,0x0000000790b80000,0x0000000791200000)
 ParOldGen       total 109568K, used 0K [0x0000000721e00000, 0x0000000728900000, 0x000000078b500000)
  object space 109568K, 0% used [0x0000000721e00000,0x0000000721e00000,0x0000000728900000)
 Metaspace       used 2775K, capacity 4486K, committed 4864K, reserved 1056768K
  class space    used 302K, capacity 386K, committed 512K, reserved 1048576K
}
Event: 0.860 GC heap before
{Heap before GC invocations=2 (full 0):
 PSYoungGen      total 47616K, used 41596K [0x000000078b500000, 0x0000000791200000, 0x00000007c0000000)
  eden space 40960K, 100% used [0x000000078b500000,0x000000078dd00000,0x000000078dd00000)
  from space 6656K, 9% used [0x000000078dd00000,0x000000078dd9f0a0,0x000000078e380000)
  to   space 6656K, 0% used [0x0000000790b80000,0x0000000790b80000,0x0000000791200000)
 ParOldGen       total 109568K, used 0K [0x0000000721e00000, 0x0000000728900000, 0x000000078b500000)
  object space 109568K, 0% used [0x0000000721e00000,0x0000000721e00000,0x0000000728900000)
 Metaspace       used 8382K, capacity 8510K, committed 8704K, reserved 1056768K
  class space    used 1135K, capacity 1179K, committed 1280K, reserved 1048576K
Event: 0.865 GC heap after
Heap after GC invocations=2 (full 0):
 PSYoungGen      total 46080K, used 4620K [0x000000078b500000, 0x0000000791080000, 0x00000007c0000000)
  eden space 40960K, 0% used [0x000000078b500000,0x000000078b500000,0x000000078dd00000)
  from space 5120K, 90% used [0x0000000790b80000,0x0000000791003020,0x0000000791080000)
  to   space 6656K, 0% used [0x0000000790380000,0x0000000790380000,0x0000000790a00000)
 ParOldGen       total 109568K, used 8K [0x0000000721e00000, 0x0000000728900000, 0x000000078b500000)
  object space 109568K, 0% used [0x0000000721e00000,0x0000000721e02000,0x0000000728900000)
 Metaspace       used 8382K, capacity 8510K, committed 8704K, reserved 1056768K
  class space    used 1135K, capacity 1179K, committed 1280K, reserved 1048576K
}
Event: 2.136 GC heap before
{Heap before GC invocations=3 (full 0):
 PSYoungGen      total 46080K, used 45580K [0x000000078b500000, 0x0000000791080000, 0x00000007c0000000)
  eden space 40960K, 100% used [0x000000078b500000,0x000000078dd00000,0x000000078dd00000)
  from space 5120K, 90% used [0x0000000790b80000,0x0000000791003020,0x0000000791080000)
  to   space 6656K, 0% used [0x0000000790380000,0x0000000790380000,0x0000000790a00000)
 ParOldGen       total 109568K, used 8K [0x0000000721e00000, 0x0000000728900000, 0x000000078b500000)
  object space 109568K, 0% used [0x0000000721e00000,0x0000000721e02000,0x0000000728900000)
 Metaspace       used 20517K, capacity 20778K, committed 21120K, reserved 1067008K
  class space    used 2791K, capacity 2886K, committed 2944K, reserved 1048576K
Event: 2.148 GC heap after
Heap after GC invocations=3 (full 0):
 PSYoungGen      total 47616K, used 6649K [0x000000078b500000, 0x0000000790c00000, 0x00000007c0000000)
  eden space 40960K, 0% used [0x000000078b500000,0x000000078b500000,0x000000078dd00000)
  from space 6656K, 99% used [0x0000000790380000,0x00000007909fe488,0x0000000790a00000)
  to   space 2048K, 0% used [0x0000000790a00000,0x0000000790a00000,0x0000000790c00000)
 ParOldGen       total 109568K, used 3892K [0x0000000721e00000, 0x0000000728900000, 0x000000078b500000)
  object space 109568K, 3% used [0x0000000721e00000,0x00000007221cd3a0,0x0000000728900000)
 Metaspace       used 20517K, capacity 20778K, committed 21120K, reserved 1067008K
  class space    used 2791K, capacity 2886K, committed 2944K, reserved 1048576K
}
Event: 2.350 GC heap before
{Heap before GC invocations=4 (full 0):
 PSYoungGen      total 47616K, used 10060K [0x000000078b500000, 0x0000000790c00000, 0x00000007c0000000)
  eden space 40960K, 8% used [0x000000078b500000,0x000000078b854dd8,0x000000078dd00000)
  from space 6656K, 99% used [0x0000000790380000,0x00000007909fe488,0x0000000790a00000)
  to   space 2048K, 0% used [0x0000000790a00000,0x0000000790a00000,0x0000000790c00000)
 ParOldGen       total 109568K, used 3892K [0x0000000721e00000, 0x0000000728900000, 0x000000078b500000)
  object space 109568K, 3% used [0x0000000721e00000,0x00000007221cd3a0,0x0000000728900000)
 Metaspace       used 20882K, capacity 21136K, committed 21296K, reserved 1067008K
  class space    used 2823K, capacity 2919K, committed 2944K, reserved 1048576K
Event: 2.358 GC heap after
Heap after GC invocations=4 (full 0):
 PSYoungGen      total 82432K, used 2037K [0x000000078b500000, 0x0000000791200000, 0x00000007c0000000)
  eden space 80384K, 0% used [0x000000078b500000,0x000000078b500000,0x0000000790380000)
  from space 2048K, 99% used [0x0000000790a00000,0x0000000790bfd780,0x0000000790c00000)
  to   space 6656K, 0% used [0x0000000790380000,0x0000000790380000,0x0000000790a00000)
 ParOldGen       total 109568K, used 7870K [0x0000000721e00000, 0x0000000728900000, 0x000000078b500000)
  object space 109568K, 7% used [0x0000000721e00000,0x00000007225afa58,0x0000000728900000)
 Metaspace       used 20882K, capacity 21136K, committed 21296K, reserved 1067008K
  class space    used 2823K, capacity 2919K, committed 2944K, reserved 1048576K
}
Event: 2.358 GC heap before
{Heap before GC invocations=5 (full 1):
 PSYoungGen      total 82432K, used 2037K [0x000000078b500000, 0x0000000791200000, 0x00000007c0000000)
  eden space 80384K, 0% used [0x000000078b500000,0x000000078b500000,0x0000000790380000)
  from space 2048K, 99% used [0x0000000790a00000,0x0000000790bfd780,0x0000000790c00000)
  to   space 6656K, 0% used [0x0000000790380000,0x0000000790380000,0x0000000790a00000)
 ParOldGen       total 109568K, used 7870K [0x0000000721e00000, 0x0000000728900000, 0x000000078b500000)
  object space 109568K, 7% used [0x0000000721e00000,0x00000007225afa58,0x0000000728900000)
 Metaspace       used 20882K, capacity 21136K, committed 21296K, reserved 1067008K
  class space    used 2823K, capacity 2919K, committed 2944K, reserved 1048576K
Event: 2.390 GC heap after
Heap after GC invocations=5 (full 1):
 PSYoungGen      total 82432K, used 0K [0x000000078b500000, 0x0000000791200000, 0x00000007c0000000)
  eden space 80384K, 0% used [0x000000078b500000,0x000000078b500000,0x0000000790380000)
  from space 2048K, 0% used [0x0000000790a00000,0x0000000790a00000,0x0000000790c00000)
  to   space 6656K, 0% used [0x0000000790380000,0x0000000790380000,0x0000000790a00000)
 ParOldGen       total 72192K, used 5986K [0x0000000721e00000, 0x0000000726480000, 0x000000078b500000)
  object space 72192K, 8% used [0x0000000721e00000,0x00000007223d8988,0x0000000726480000)
 Metaspace       used 20882K, capacity 21136K, committed 21296K, reserved 1067008K
  class space    used 2823K, capacity 2919K, committed 2944K, reserved 1048576K
}

